<?xml version="1.0" encoding="UTF-8"?>
<!-- Generated by org.testng.reporters.JUnitReportReporter -->
<testsuite hostname="nebulaa1-Vostro-15-3568" failures="0" tests="8" name="com.ebanking.master.ExePOM" time="100.692" errors="0" timestamp="2020-04-27T15:59:06 IST" skipped="0">
  <testcase classname="com.ebanking.master.ExePOM" name="branchCreation" time="12.929"/>
  <system-out/>
  <testcase classname="com.ebanking.master.ExePOM" name="branchCreation" time="12.565"/>
  <system-out/>
  <testcase classname="com.ebanking.master.ExePOM" name="roleCreation" time="11.637"/>
  <system-out/>
  <testcase classname="com.ebanking.master.ExePOM" name="roleCreation" time="11.540"/>
  <system-out/>
  <testcase classname="com.ebanking.master.ExePOM" name="roleCreation" time="11.875"/>
  <system-out/>
  <testcase classname="com.ebanking.master.ExePOM" name="empCreation" time="13.299"/>
  <system-out/>
  <testcase classname="com.ebanking.master.ExePOM" name="empCreation" time="13.436"/>
  <system-out/>
  <testcase classname="com.ebanking.master.ExePOM" name="empCreation" time="13.411"/>
  <system-out/>
</testsuite> <!-- com.ebanking.master.ExePOM -->
