<?xml version="1.0" encoding="UTF-8"?>
<!-- Generated by org.testng.reporters.JUnitReportReporter -->
<testsuite hostname="nebulaa1-Vostro-15-3568" failures="0" tests="1" name="com.ebanking.master.Sample" time="0.088" errors="0" timestamp="2020-04-22T08:33:20 IST" skipped="0">
  <testcase classname="com.ebanking.master.Sample" name="m1" time="0.088"/>
  <system-out/>
</testsuite> <!-- com.ebanking.master.Sample -->
