<?xml version="1.0" encoding="UTF-8"?>
<!-- Generated by org.testng.reporters.JUnitReportReporter -->
<testsuite hostname="nebulaa1-Vostro-15-3568" failures="0" tests="2" name="com.ebanking.master.BranchCreation" time="31.931" errors="0" timestamp="2020-05-01T19:45:38 IST" skipped="0">
  <testcase classname="com.ebanking.master.BranchCreation" name="branchCreation" time="16.374"/>
  <system-out/>
  <testcase classname="com.ebanking.master.BranchCreation" name="branchCreation" time="15.557"/>
  <system-out/>
</testsuite> <!-- com.ebanking.master.BranchCreation -->
