<?xml version="1.0" encoding="UTF-8"?>
<!-- Generated by org.testng.reporters.JUnitReportReporter -->
<testsuite hostname="nebulaa1-Vostro-15-3568" failures="0" tests="3" name="com.ebanking.master.EmployeeCreation" time="47.836" errors="0" timestamp="2020-05-01T19:45:38 IST" skipped="0">
  <testcase classname="com.ebanking.master.EmployeeCreation" name="employeeCreation" time="16.231"/>
  <system-out/>
  <testcase classname="com.ebanking.master.EmployeeCreation" name="employeeCreation" time="16.046"/>
  <system-out/>
  <testcase classname="com.ebanking.master.EmployeeCreation" name="employeeCreation" time="15.559"/>
  <system-out/>
</testsuite> <!-- com.ebanking.master.EmployeeCreation -->
