<?xml version="1.0" encoding="UTF-8"?>
<!-- Generated by org.testng.reporters.JUnitReportReporter -->
<testsuite hostname="nebulaa1-Vostro-15-3568" failures="0" tests="3" name="com.ebanking.master.POMWithExcel" time="113.623" errors="0" timestamp="2020-04-28T09:16:34 IST" skipped="0">
  <testcase classname="com.ebanking.master.POMWithExcel" name="branchCreation" time="26.977"/>
  <system-out/>
  <testcase classname="com.ebanking.master.POMWithExcel" name="roleCreation" time="47.059"/>
  <system-out/>
  <testcase classname="com.ebanking.master.POMWithExcel" name="empCreation" time="39.587"/>
  <system-out/>
</testsuite> <!-- com.ebanking.master.POMWithExcel -->
