<?xml version="1.0" encoding="UTF-8"?>
<!-- Generated by org.testng.reporters.JUnitReportReporter -->
<testsuite hostname="nebulaa1-Vostro-15-3568" failures="0" tests="3" name="com.ebanking.master.RoleCreation" time="35.661" errors="0" timestamp="2020-05-01T19:45:38 IST" skipped="0">
  <testcase classname="com.ebanking.master.RoleCreation" name="roleCreation" time="12.106"/>
  <system-out/>
  <testcase classname="com.ebanking.master.RoleCreation" name="roleCreation" time="11.737"/>
  <system-out/>
  <testcase classname="com.ebanking.master.RoleCreation" name="roleCreation" time="11.818"/>
  <system-out/>
</testsuite> <!-- com.ebanking.master.RoleCreation -->
